<?xml version="1.0" encoding="UTF-8"?>
<!-- Generated by org.testng.reporters.JUnitXMLReporter -->
<testsuite ignored="10" hostname="arpit-Desktop" failures="0" tests="3" name="Parallel Test Execution" time="39.143" errors="0" timestamp="2025-11-13T22:55:52 IST">
  <testcase classname="testBase.BaseClass" name="@BeforeMethod setup" time="9.342">
    <failure type="org.openqa.selenium.UnhandledAlertException" message="unexpected alert open: {Alert text : A new version is available. Refresh to update?}
  (Session info: chrome=142.0.7444.135): A new version is available. Refresh to update?
Build info: version: &amp;apos;4.28.0&amp;apos;, revision: &amp;apos;ac342546e9&amp;apos;
System info: os.name: &amp;apos;Windows 10&amp;apos;, os.arch: &amp;apos;amd64&amp;apos;, os.version: &amp;apos;10.0&amp;apos;, java.version: &amp;apos;23.0.2&amp;apos;
Driver info: org.openqa.selenium.chrome.ChromeDriver
Command: [2f093d803e7e688584519aad150fb174, maximizeCurrentWindow {}]
Capabilities {acceptInsecureCerts: false, browserName: chrome, browserVersion: 142.0.7444.135, chrome: {chromedriverVersion: 142.0.7444.162 (c076baf266c..., userDataDir: C:\Users\USER\AppData\Local...}, fedcm:accounts: true, goog:chromeOptions: {debuggerAddress: localhost:49195}, goog:processID: 18072, networkConnectionEnabled: false, pageLoadStrategy: normal, platformName: windows, proxy: Proxy(), se:cdp: ws://localhost:49195/devtoo..., se:cdpVersion: 142.0.7444.135, setWindowRect: true, strictFileInteractability: false, timeouts: {implicit: 0, pageLoad: 300000, script: 30000}, unhandledPromptBehavior: dismiss and notify, webauthn:extension:credBlob: true, webauthn:extension:largeBlob: true, webauthn:extension:minPinLength: true, webauthn:extension:prf: true, webauthn:virtualAuthenticators: true}
Session ID: 2f093d803e7e688584519aad150fb174">
      <![CDATA[org.openqa.selenium.UnhandledAlertException: unexpected alert open: {Alert text : A new version is available. Refresh to update?}
  (Session info: chrome=142.0.7444.135): A new version is available. Refresh to update?
Build info: version: '4.28.0', revision: 'ac342546e9'
System info: os.name: 'Windows 10', os.arch: 'amd64', os.version: '10.0', java.version: '23.0.2'
Driver info: org.openqa.selenium.chrome.ChromeDriver
Command: [2f093d803e7e688584519aad150fb174, maximizeCurrentWindow {}]
Capabilities {acceptInsecureCerts: false, browserName: chrome, browserVersion: 142.0.7444.135, chrome: {chromedriverVersion: 142.0.7444.162 (c076baf266c..., userDataDir: C:\Users\USER\AppData\Local...}, fedcm:accounts: true, goog:chromeOptions: {debuggerAddress: localhost:49195}, goog:processID: 18072, networkConnectionEnabled: false, pageLoadStrategy: normal, platformName: windows, proxy: Proxy(), se:cdp: ws://localhost:49195/devtoo..., se:cdpVersion: 142.0.7444.135, setWindowRect: true, strictFileInteractability: false, timeouts: {implicit: 0, pageLoad: 300000, script: 30000}, unhandledPromptBehavior: dismiss and notify, webauthn:extension:credBlob: true, webauthn:extension:largeBlob: true, webauthn:extension:minPinLength: true, webauthn:extension:prf: true, webauthn:virtualAuthenticators: true}
Session ID: 2f093d803e7e688584519aad150fb174
at org.openqa.selenium.remote.codec.w3c.W3CHttpResponseCodec.decode(W3CHttpResponseCodec.java:136)
at org.openqa.selenium.remote.codec.w3c.W3CHttpResponseCodec.decode(W3CHttpResponseCodec.java:50)
at org.openqa.selenium.remote.HttpCommandExecutor.execute(HttpCommandExecutor.java:215)
at org.openqa.selenium.remote.service.DriverCommandExecutor.invokeExecute(DriverCommandExecutor.java:216)
at org.openqa.selenium.remote.service.DriverCommandExecutor.execute(DriverCommandExecutor.java:174)
at org.openqa.selenium.remote.RemoteWebDriver.execute(RemoteWebDriver.java:545)
at org.openqa.selenium.remote.RemoteWebDriver.execute(RemoteWebDriver.java:618)
at org.openqa.selenium.remote.RemoteWebDriver.execute(RemoteWebDriver.java:622)
at org.openqa.selenium.remote.RemoteWebDriver$RemoteWebDriverOptions$RemoteWindow.maximize(RemoteWebDriver.java:1061)
at testBase.BaseClass.setup(BaseClass.java:47)
at java.base/java.util.concurrent.FutureTask.run(FutureTask.java:317)
at java.base/java.util.concurrent.ThreadPoolExecutor.runWorker(ThreadPoolExecutor.java:1144)
at java.base/java.util.concurrent.ThreadPoolExecutor$Worker.run(ThreadPoolExecutor.java:642)
at java.base/java.lang.Thread.run(Thread.java:1575)
... Removed 15 stack frames]]>
    </failure>
  </testcase> <!-- @BeforeMethod setup -->
  <testcase classname="testBase.BaseClass" name="@AfterMethod tearDown" time="0.0">
    <skipped/>
  </testcase> <!-- @AfterMethod tearDown -->
  <testcase classname="testBase.BaseClass" name="@AfterMethod tearDown" time="0.0">
    <skipped/>
  </testcase> <!-- @AfterMethod tearDown -->
  <testcase classname="testBase.BaseClass" name="@AfterMethod tearDown" time="0.0">
    <skipped/>
  </testcase> <!-- @AfterMethod tearDown -->
  <testcase classname="testCases.Tc_User" name="test_AddMultiple_SalesPerson" time="0.003">
    <skipped/>
  </testcase> <!-- test_AddMultiple_SalesPerson -->
  <testcase classname="testCases.Tc_User" name="test_AddMultiple_SalesPerson" time="0.0">
    <skipped/>
  </testcase> <!-- test_AddMultiple_SalesPerson -->
  <testcase classname="testCases.Tc_User" name="test_AddMultiple_SalesPerson" time="29.699"/>
  <testcase classname="testCases.Tc_User" name="testAddSalesPerson" time="0.0">
    <ignored/>
  </testcase> <!-- testAddSalesPerson -->
  <testcase classname="testCases.Tc_User" name="testAddRopsUser_Storage" time="0.0">
    <ignored/>
  </testcase> <!-- testAddRopsUser_Storage -->
  <testcase classname="testCases.Tc_User" name="test_verifysalesPersonDetails" time="0.0">
    <ignored/>
  </testcase> <!-- test_verifysalesPersonDetails -->
  <testcase classname="testCases.Tc_User" name="testAddRopsUser_Production" time="0.0">
    <ignored/>
  </testcase> <!-- testAddRopsUser_Production -->
  <testcase classname="testCases.Tc_User" name="test_AddMultipleRopsUser_Runner" time="0.0">
    <ignored/>
  </testcase> <!-- test_AddMultipleRopsUser_Runner -->
  <testcase classname="testCases.Tc_User" name="testAddRopsUser_Runner" time="0.0">
    <ignored/>
  </testcase> <!-- testAddRopsUser_Runner -->
  <testcase classname="testCases.Tc_User" name="testAddMultipleRopsUser_Production" time="0.0">
    <ignored/>
  </testcase> <!-- testAddMultipleRopsUser_Production -->
  <testcase classname="testCases.Tc_User" name="testAddMultipleRopsUser_Storage" time="0.0">
    <ignored/>
  </testcase> <!-- testAddMultipleRopsUser_Storage -->
  <testcase classname="testCases.Tc_User" name="testAddChannelPartners" time="0.0">
    <ignored/>
  </testcase> <!-- testAddChannelPartners -->
  <testcase classname="testCases.Tc_User" name="test_AddMultiple_ChannelPartners" time="0.0">
    <ignored/>
  </testcase> <!-- test_AddMultiple_ChannelPartners -->
</testsuite> <!-- Parallel Test Execution -->
