<?xml version="1.0" encoding="UTF-8"?>
<!-- Generated by org.testng.reporters.JUnitXMLReporter -->
<testsuite ignored="5" hostname="arpit-Desktop" failures="1" tests="1" name="Default test" time="155.944" errors="0" timestamp="2025-11-08T01:28:23 IST">
  <testcase classname="testCases.Tc_Brands" name="test_AddNewMultipleProductInSeries" time="135.063">
    <failure type="java.lang.AssertionError" message="Exception in testSearchBrandAndClickProduct: Expected condition failed: waiting for element to be clickable: [[ChromeDriver: chrome on windows (b68b021737e2266c5a464944a296fb61)] -&amp;gt; xpath: //label[text()=&amp;apos;Category&amp;apos;]/following::div[@class=&amp;apos;ant-select-selector&amp;apos;][1]] (tried for 20 second(s) with 500 milliseconds interval)
Build info: version: &amp;apos;4.28.0&amp;apos;, revision: &amp;apos;ac342546e9&amp;apos;
System info: os.name: &amp;apos;Windows 10&amp;apos;, os.arch: &amp;apos;amd64&amp;apos;, os.version: &amp;apos;10.0&amp;apos;, java.version: &amp;apos;23.0.2&amp;apos;
Driver info: org.openqa.selenium.chrome.ChromeDriver
Capabilities {acceptInsecureCerts: false, browserName: chrome, browserVersion: 142.0.7444.135, chrome: {chromedriverVersion: 142.0.7444.61 (9884f628acbc..., userDataDir: C:\Users\USER\AppData\Local...}, fedcm:accounts: true, goog:chromeOptions: {debuggerAddress: localhost:61312}, goog:processID: 5236, networkConnectionEnabled: false, pageLoadStrategy: normal, platformName: windows, proxy: Proxy(), se:cdp: ws://localhost:61312/devtoo..., se:cdpVersion: 142.0.7444.135, setWindowRect: true, strictFileInteractability: false, timeouts: {implicit: 0, pageLoad: 300000, script: 30000}, unhandledPromptBehavior: dismiss and notify, webauthn:extension:credBlob: true, webauthn:extension:largeBlob: true, webauthn:extension:minPinLength: true, webauthn:extension:prf: true, webauthn:virtualAuthenticators: true}
Session ID: b68b021737e2266c5a464944a296fb61">
      <![CDATA[java.lang.AssertionError: Exception in testSearchBrandAndClickProduct: Expected condition failed: waiting for element to be clickable: [[ChromeDriver: chrome on windows (b68b021737e2266c5a464944a296fb61)] -> xpath: //label[text()='Category']/following::div[@class='ant-select-selector'][1]] (tried for 20 second(s) with 500 milliseconds interval)
Build info: version: '4.28.0', revision: 'ac342546e9'
System info: os.name: 'Windows 10', os.arch: 'amd64', os.version: '10.0', java.version: '23.0.2'
Driver info: org.openqa.selenium.chrome.ChromeDriver
Capabilities {acceptInsecureCerts: false, browserName: chrome, browserVersion: 142.0.7444.135, chrome: {chromedriverVersion: 142.0.7444.61 (9884f628acbc..., userDataDir: C:\Users\USER\AppData\Local...}, fedcm:accounts: true, goog:chromeOptions: {debuggerAddress: localhost:61312}, goog:processID: 5236, networkConnectionEnabled: false, pageLoadStrategy: normal, platformName: windows, proxy: Proxy(), se:cdp: ws://localhost:61312/devtoo..., se:cdpVersion: 142.0.7444.135, setWindowRect: true, strictFileInteractability: false, timeouts: {implicit: 0, pageLoad: 300000, script: 30000}, unhandledPromptBehavior: dismiss and notify, webauthn:extension:credBlob: true, webauthn:extension:largeBlob: true, webauthn:extension:minPinLength: true, webauthn:extension:prf: true, webauthn:virtualAuthenticators: true}
Session ID: b68b021737e2266c5a464944a296fb61
at org.testng.Assert.fail(Assert.java:111)
at testCases.Tc_Brands.test_AddNewMultipleProductInSeries(Tc_Brands.java:165)
at java.base/jdk.internal.reflect.DirectMethodHandleAccessor.invoke(DirectMethodHandleAccessor.java:103)
at java.base/java.lang.reflect.Method.invoke(Method.java:580)
at org.testng.internal.invokers.MethodInvocationHelper.invokeMethod(MethodInvocationHelper.java:141)
at org.testng.internal.invokers.TestInvoker.invokeMethod(TestInvoker.java:686)
at org.testng.internal.invokers.TestInvoker.invokeTestMethod(TestInvoker.java:230)
at org.testng.internal.invokers.MethodRunner.runInSequence(MethodRunner.java:63)
at org.testng.internal.invokers.TestInvoker$MethodInvocationAgent.invoke(TestInvoker.java:992)
at org.testng.internal.invokers.TestInvoker.invokeTestMethods(TestInvoker.java:203)
at org.testng.internal.invokers.TestMethodWorker.invokeTestMethods(TestMethodWorker.java:154)
at org.testng.internal.invokers.TestMethodWorker.run(TestMethodWorker.java:134)
at java.base/java.util.ArrayList.forEach(ArrayList.java:1597)
at org.testng.TestRunner.privateRun(TestRunner.java:739)
at org.testng.TestRunner.run(TestRunner.java:614)
at org.testng.SuiteRunner.runTest(SuiteRunner.java:421)
at org.testng.SuiteRunner.runSequentially(SuiteRunner.java:413)
at org.testng.SuiteRunner.privateRun(SuiteRunner.java:373)
at org.testng.SuiteRunner.run(SuiteRunner.java:312)
at org.testng.SuiteRunnerWorker.runSuite(SuiteRunnerWorker.java:52)
at org.testng.SuiteRunnerWorker.run(SuiteRunnerWorker.java:95)
at org.testng.TestNG.runSuitesSequentially(TestNG.java:1274)
at org.testng.TestNG.runSuitesLocally(TestNG.java:1208)
at org.testng.TestNG.runSuites(TestNG.java:1112)
at org.testng.TestNG.run(TestNG.java:1079)
at org.testng.remote.AbstractRemoteTestNG.run(AbstractRemoteTestNG.java:115)
at org.testng.remote.RemoteTestNG.initAndRun(RemoteTestNG.java:293)
at org.testng.remote.RemoteTestNG.main(RemoteTestNG.java:91)
]]>
    </failure>
  </testcase> <!-- test_AddNewMultipleProductInSeries -->
  <testcase classname="testCases.Tc_Brands" name="testSearchBrand_AddNewProduct_VerifyProductSuccessfully" time="0.0">
    <ignored/>
  </testcase> <!-- testSearchBrand_AddNewProduct_VerifyProductSuccessfully -->
  <testcase classname="testCases.Tc_Brands" name="verifyProductDetails" time="0.0">
    <ignored/>
  </testcase> <!-- verifyProductDetails -->
  <testcase classname="testCases.Tc_Brands" name="testProductFieldValidations" time="0.0">
    <ignored/>
  </testcase> <!-- testProductFieldValidations -->
  <testcase classname="testCases.Tc_Brands" name="testSearchBrand_EditProduct_VerifyProductSuccessfully" time="0.0">
    <ignored/>
  </testcase> <!-- testSearchBrand_EditProduct_VerifyProductSuccessfully -->
  <testcase classname="testCases.Tc_Brands" name="testAddNewBrand_ShouldCreateBrandSuccessfully" time="0.0">
    <ignored/>
  </testcase> <!-- testAddNewBrand_ShouldCreateBrandSuccessfully -->
</testsuite> <!-- Default test -->
