<?xml version="1.0" encoding="UTF-8"?>
<!-- Generated by org.testng.reporters.JUnitXMLReporter -->
<testsuite ignored="4" hostname="arpit-Desktop" failures="0" tests="1" name="Default test" time="78.324" errors="0" timestamp="2025-12-12T16:26:17 IST">
  <testcase classname="testCases.Brand_RateTest" name="verifyRateStructureDetails" time="59.535"/>
  <testcase classname="testCases.Brand_RateTest" name="verifyProductListInRate" time="0.0">
    <ignored/>
  </testcase> <!-- verifyProductListInRate -->
  <testcase classname="testCases.Brand_RateTest" name="testAddRateStructure" time="0.0">
    <ignored/>
  </testcase> <!-- testAddRateStructure -->
  <testcase classname="testCases.Brand_RateTest" name="testAddNewChannelPartner" time="0.0">
    <ignored/>
  </testcase> <!-- testAddNewChannelPartner -->
  <testcase classname="testCases.Brand_RateTest" name="testEditFirstCpRate" time="0.0">
    <ignored/>
  </testcase> <!-- testEditFirstCpRate -->
</testsuite> <!-- Default test -->
