<?xml version="1.0" encoding="UTF-8"?>
<!-- Generated by org.testng.reporters.JUnitXMLReporter -->
<testsuite ignored="2" hostname="arpit-Desktop" failures="0" tests="1" name="Default test" time="56.184" errors="0" timestamp="2025-11-11T23:35:42 IST">
  <testcase classname="testCases.Tc_User" name="test_AddMultiple_SalesPerson" time="33.656"/>
  <testcase classname="testCases.Tc_User" name="test_verifysalesPersonDetails" time="0.0">
    <ignored/>
  </testcase> <!-- test_verifysalesPersonDetails -->
  <testcase classname="testCases.Tc_User" name="testAddSalesPerson" time="0.0">
    <ignored/>
  </testcase> <!-- testAddSalesPerson -->
</testsuite> <!-- Default test -->
