<?xml version="1.0" encoding="UTF-8"?>
<!-- Generated by org.testng.reporters.JUnitXMLReporter -->
<testsuite ignored="1" hostname="arpit-Desktop" failures="0" tests="1" name="Default test" time="37.668" errors="0" timestamp="2025-10-04T01:48:32 IST">
  <testcase classname="testCases.Brand_RateTest" name="testAddNewChannelPartner" time="17.893"/>
  <testcase classname="testCases.Brand_RateTest" name="testAddRateStructure" time="0.0">
    <ignored/>
  </testcase> <!-- testAddRateStructure -->
</testsuite> <!-- Default test -->
