<?xml version="1.0" encoding="UTF-8"?>
<!-- Generated by org.testng.reporters.JUnitXMLReporter -->
<testsuite ignored="2" hostname="arpit-Desktop" failures="0" tests="1" name="Default test" time="34.916" errors="0" timestamp="2025-09-16T12:40:39 IST">
  <testcase classname="testCases.BrandsNetworkTest" name="testVerifyAssignChannelPartnerDetails" time="14.197"/>
  <testcase classname="testCases.BrandsNetworkTest" name="TC_AddNewBrandAndVerifyNetworkEmptyMessage" time="0.0">
    <ignored/>
  </testcase> <!-- TC_AddNewBrandAndVerifyNetworkEmptyMessage -->
  <testcase classname="testCases.BrandsNetworkTest" name="testEmptyFieldsValidation" time="0.0">
    <ignored/>
  </testcase> <!-- testEmptyFieldsValidation -->
</testsuite> <!-- Default test -->
