<?xml version="1.0" encoding="UTF-8"?>
<!-- Generated by org.testng.reporters.JUnitXMLReporter -->
<testsuite ignored="7" hostname="Shrikantyadav" failures="0" tests="1" name="Default test" time="143.111" errors="0" timestamp="2026-02-03T17:46:18 IST">
  <testcase classname="testCases.Beat_Retailers_Order" name="test_Retailer_Order_AddOn_ProductScheme" time="124.907"/>
  <testcase classname="testCases.Beat_Retailers_Order" name="test_Retailer_Order_AddOn_CashDiscount_FixedAmount" time="0.0">
    <ignored/>
  </testcase> <!-- test_Retailer_Order_AddOn_CashDiscount_FixedAmount -->
  <testcase classname="testCases.Beat_Retailers_Order" name="test_Retailer_Order_AddOn_Display_Percentage" time="0.0">
    <ignored/>
  </testcase> <!-- test_Retailer_Order_AddOn_Display_Percentage -->
  <testcase classname="testCases.Beat_Retailers_Order" name="test_Retailer_Order_AddOn_CashDiscount_Percentage" time="0.0">
    <ignored/>
  </testcase> <!-- test_Retailer_Order_AddOn_CashDiscount_Percentage -->
  <testcase classname="testCases.Beat_Retailers_Order" name="test_Retailer_Order_AddOn_Sample_Percentage" time="0.0">
    <ignored/>
  </testcase> <!-- test_Retailer_Order_AddOn_Sample_Percentage -->
  <testcase classname="testCases.Beat_Retailers_Order" name="test_Retailer_Order_AddOn_Sample_FixedAmount" time="0.0">
    <ignored/>
  </testcase> <!-- test_Retailer_Order_AddOn_Sample_FixedAmount -->
  <testcase classname="testCases.Beat_Retailers_Order" name="test_Retailers_Order" time="0.0">
    <ignored/>
  </testcase> <!-- test_Retailers_Order -->
  <testcase classname="testCases.Beat_Retailers_Order" name="test_Retailer_Order_AddOn_Display_FixedAmount" time="0.0">
    <ignored/>
  </testcase> <!-- test_Retailer_Order_AddOn_Display_FixedAmount -->
</testsuite> <!-- Default test -->
