<?xml version="1.0" encoding="UTF-8"?>
<!-- Generated by org.testng.reporters.JUnitXMLReporter -->
<testsuite ignored="2" hostname="arpit-Desktop" failures="0" tests="1" name="Default test" time="30.369" errors="0" timestamp="2025-09-19T13:44:35 IST">
  <testcase classname="testCases.BrandsNetworkTest" name="testVerifyAssignChannelPartnerDetails" time="11.334"/>
  <testcase classname="testCases.BrandsNetworkTest" name="TC_AssignNewChannelPartner_AndVerifyNetworkEmptyMessage" time="0.0">
    <ignored/>
  </testcase> <!-- TC_AssignNewChannelPartner_AndVerifyNetworkEmptyMessage -->
  <testcase classname="testCases.BrandsNetworkTest" name="testEmptyFieldsValidation" time="0.0">
    <ignored/>
  </testcase> <!-- testEmptyFieldsValidation -->
</testsuite> <!-- Default test -->
