<?xml version="1.0" encoding="UTF-8"?>
<!-- Generated by org.testng.reporters.JUnitXMLReporter -->
<testsuite ignored="1" hostname="arpit-Desktop" failures="0" tests="1" name="Default test" time="33.372" errors="0" timestamp="2025-10-06T16:39:22 IST">
  <testcase classname="testCases.Brand_RateTest" name="testAddNewChannelPartner" time="14.444"/>
  <testcase classname="testCases.Brand_RateTest" name="testAddRateStructure" time="0.0">
    <ignored/>
  </testcase> <!-- testAddRateStructure -->
</testsuite> <!-- Default test -->
