<?xml version="1.0" encoding="UTF-8"?>
<!-- Generated by org.testng.reporters.JUnitXMLReporter -->
<testsuite ignored="3" hostname="Shrikantyadav" failures="0" tests="1" name="Default test" time="31.723" errors="0" timestamp="2025-10-30T18:17:27 IST">
  <testcase classname="testCases.Brand_RateTest" name="testEditFirstCpRate" time="14.162"/>
  <testcase classname="testCases.Brand_RateTest" name="testAddNewChannelPartner" time="0.0">
    <ignored/>
  </testcase> <!-- testAddNewChannelPartner -->
  <testcase classname="testCases.Brand_RateTest" name="testAddRateStructure" time="0.0">
    <ignored/>
  </testcase> <!-- testAddRateStructure -->
  <testcase classname="testCases.Brand_RateTest" name="verifyProductListInRate" time="0.0">
    <ignored/>
  </testcase> <!-- verifyProductListInRate -->
</testsuite> <!-- Default test -->
