<?xml version="1.0" encoding="UTF-8"?>
<!-- Generated by org.testng.reporters.JUnitXMLReporter -->
<testsuite ignored="2" hostname="Shrikantyadav" failures="0" tests="1" name="Default test" time="11.571" errors="0" timestamp="2025-08-13T17:09:40 IST">
  <testcase classname="testCases.Tc_Brands" name="testAddNewBrand" time="8.854"/>
  <testcase classname="testCases.Tc_Brands" name="testSearchBrandAndClickProduct2" time="0.0">
    <ignored/>
  </testcase> <!-- testSearchBrandAndClickProduct2 -->
  <testcase classname="testCases.Tc_Brands" name="testSearchBrandAndClickProduct" time="0.0">
    <ignored/>
  </testcase> <!-- testSearchBrandAndClickProduct -->
</testsuite> <!-- Default test -->
