<?xml version="1.0" encoding="UTF-8"?>
<!-- Generated by org.testng.reporters.JUnitXMLReporter -->
<testsuite ignored="10" hostname="arpit-Desktop" failures="0" tests="1" name="Default test" time="26.28" errors="0" timestamp="2025-11-13T01:51:36 IST">
  <testcase classname="testCases.Tc_User" name="testAddRopsUser_Runner" time="6.259"/>
  <testcase classname="testCases.Tc_User" name="test_AddMultiple_ChannelPartners" time="0.0">
    <ignored/>
  </testcase> <!-- test_AddMultiple_ChannelPartners -->
  <testcase classname="testCases.Tc_User" name="testAddRopsUser_Storage" time="0.0">
    <ignored/>
  </testcase> <!-- testAddRopsUser_Storage -->
  <testcase classname="testCases.Tc_User" name="test_verifysalesPersonDetails" time="0.0">
    <ignored/>
  </testcase> <!-- test_verifysalesPersonDetails -->
  <testcase classname="testCases.Tc_User" name="testAddSalesPerson" time="0.0">
    <ignored/>
  </testcase> <!-- testAddSalesPerson -->
  <testcase classname="testCases.Tc_User" name="testAddRopsUser_Production" time="0.0">
    <ignored/>
  </testcase> <!-- testAddRopsUser_Production -->
  <testcase classname="testCases.Tc_User" name="test_AddMultipleRopsUser_Runner" time="0.0">
    <ignored/>
  </testcase> <!-- test_AddMultipleRopsUser_Runner -->
  <testcase classname="testCases.Tc_User" name="testAddMultipleRopsUser_Storage" time="0.0">
    <ignored/>
  </testcase> <!-- testAddMultipleRopsUser_Storage -->
  <testcase classname="testCases.Tc_User" name="testAddChannelPartners" time="0.0">
    <ignored/>
  </testcase> <!-- testAddChannelPartners -->
  <testcase classname="testCases.Tc_User" name="testAddMultipleRopsUser_Production" time="0.0">
    <ignored/>
  </testcase> <!-- testAddMultipleRopsUser_Production -->
  <testcase classname="testCases.Tc_User" name="test_AddMultiple_SalesPerson" time="0.0">
    <ignored/>
  </testcase> <!-- test_AddMultiple_SalesPerson -->
</testsuite> <!-- Default test -->
