<?xml version="1.0" encoding="UTF-8"?>
<!-- Generated by org.testng.reporters.JUnitXMLReporter -->
<testsuite ignored="2" hostname="DESKTOP-VFH6PON" failures="0" tests="1" name="Default test" time="14.903" errors="0" timestamp="2025-08-11T18:18:27 IST">
  <testcase classname="testCases.Tc_Brands" name="testAddNewBrand" time="9.674"/>
  <testcase classname="testCases.Tc_Brands" name="testSearchBrandAndClickProduct" time="0.0">
    <ignored/>
  </testcase> <!-- testSearchBrandAndClickProduct -->
  <testcase classname="testCases.Tc_Brands" name="testSearchBrandAndClickProduct2" time="0.0">
    <ignored/>
  </testcase> <!-- testSearchBrandAndClickProduct2 -->
</testsuite> <!-- Default test -->
