<?xml version="1.0" encoding="UTF-8"?>
<testng-results ignored="0" total="1" passed="1" failed="0" skipped="0">
  <reporter-output>
  </reporter-output>
  <suite started-at="2025-10-30T18:16:55 IST" name="Default suite" finished-at="2025-10-30T18:17:27 IST" duration-ms="31723">
    <groups>
    </groups>
    <test started-at="2025-10-30T18:16:55 IST" name="Default test" finished-at="2025-10-30T18:17:27 IST" duration-ms="31723">
      <class name="testCases.Brand_RateTest">
        <test-method is-config="true" signature="loadConfig()[pri:0, instance:testCases.Brand_RateTest@4b013c76]" started-at="2025-10-30T18:16:55 IST" name="loadConfig" finished-at="2025-10-30T18:16:55 IST" duration-ms="12" status="PASS">
          <reporter-output>
          </reporter-output>
        </test-method> <!-- loadConfig -->
        <test-method is-config="true" signature="setup()[pri:0, instance:testCases.Brand_RateTest@4b013c76]" started-at="2025-10-30T18:16:55 IST" name="setup" finished-at="2025-10-30T18:16:58 IST" duration-ms="2309" status="PASS">
          <reporter-output>
          </reporter-output>
        </test-method> <!-- setup -->
        <test-method signature="testEditFirstCpRate()[pri:0, instance:testCases.Brand_RateTest@4b013c76]" started-at="2025-10-30T18:16:58 IST" name="testEditFirstCpRate" finished-at="2025-10-30T18:17:12 IST" duration-ms="14162" status="PASS">
          <reporter-output>
          </reporter-output>
        </test-method> <!-- testEditFirstCpRate -->
        <test-method is-config="true" signature="tearDown()[pri:0, instance:testCases.Brand_RateTest@4b013c76]" started-at="2025-10-30T18:17:12 IST" name="tearDown" finished-at="2025-10-30T18:17:27 IST" duration-ms="15206" status="PASS">
          <reporter-output>
          </reporter-output>
        </test-method> <!-- tearDown -->
      </class> <!-- testCases.Brand_RateTest -->
    </test> <!-- Default test -->
  </suite> <!-- Default suite -->
</testng-results>
