<?xml version="1.0" encoding="UTF-8"?>
<testng-results ignored="0" total="1" passed="0" failed="1" skipped="0">
  <reporter-output>
  </reporter-output>
  <suite started-at="2025-11-08T01:25:47 IST" name="Default suite" finished-at="2025-11-08T01:28:23 IST" duration-ms="155944">
    <groups>
    </groups>
    <test started-at="2025-11-08T01:25:47 IST" name="Default test" finished-at="2025-11-08T01:28:23 IST" duration-ms="155944">
      <class name="testCases.Tc_Brands">
        <test-method is-config="true" signature="loadConfig()[pri:0, instance:testCases.Tc_Brands@2de23121]" started-at="2025-11-08T01:25:47 IST" name="loadConfig" finished-at="2025-11-08T01:25:47 IST" duration-ms="19" status="PASS">
          <reporter-output>
          </reporter-output>
        </test-method> <!-- loadConfig -->
        <test-method is-config="true" signature="setup()[pri:0, instance:testCases.Tc_Brands@2de23121]" started-at="2025-11-08T01:25:47 IST" name="setup" finished-at="2025-11-08T01:25:52 IST" duration-ms="5358" status="PASS">
          <reporter-output>
          </reporter-output>
        </test-method> <!-- setup -->
        <test-method signature="test_AddNewMultipleProductInSeries()[pri:0, instance:testCases.Tc_Brands@2de23121]" started-at="2025-11-08T01:25:52 IST" name="test_AddNewMultipleProductInSeries" finished-at="2025-11-08T01:28:07 IST" duration-ms="135063" status="FAIL">
          <exception class="java.lang.AssertionError">
            <message>
              <![CDATA[Exception in testSearchBrandAndClickProduct: Expected condition failed: waiting for element to be clickable: [[ChromeDriver: chrome on windows (b68b021737e2266c5a464944a296fb61)] -> xpath: //label[text()='Category']/following::div[@class='ant-select-selector'][1]] (tried for 20 second(s) with 500 milliseconds interval)
Build info: version: '4.28.0', revision: 'ac342546e9'
System info: os.name: 'Windows 10', os.arch: 'amd64', os.version: '10.0', java.version: '23.0.2'
Driver info: org.openqa.selenium.chrome.ChromeDriver
Capabilities {acceptInsecureCerts: false, browserName: chrome, browserVersion: 142.0.7444.135, chrome: {chromedriverVersion: 142.0.7444.61 (9884f628acbc..., userDataDir: C:\Users\USER\AppData\Local...}, fedcm:accounts: true, goog:chromeOptions: {debuggerAddress: localhost:61312}, goog:processID: 5236, networkConnectionEnabled: false, pageLoadStrategy: normal, platformName: windows, proxy: Proxy(), se:cdp: ws://localhost:61312/devtoo..., se:cdpVersion: 142.0.7444.135, setWindowRect: true, strictFileInteractability: false, timeouts: {implicit: 0, pageLoad: 300000, script: 30000}, unhandledPromptBehavior: dismiss and notify, webauthn:extension:credBlob: true, webauthn:extension:largeBlob: true, webauthn:extension:minPinLength: true, webauthn:extension:prf: true, webauthn:virtualAuthenticators: true}
Session ID: b68b021737e2266c5a464944a296fb61]]>
            </message>
            <full-stacktrace>
              <![CDATA[java.lang.AssertionError: Exception in testSearchBrandAndClickProduct: Expected condition failed: waiting for element to be clickable: [[ChromeDriver: chrome on windows (b68b021737e2266c5a464944a296fb61)] -> xpath: //label[text()='Category']/following::div[@class='ant-select-selector'][1]] (tried for 20 second(s) with 500 milliseconds interval)
Build info: version: '4.28.0', revision: 'ac342546e9'
System info: os.name: 'Windows 10', os.arch: 'amd64', os.version: '10.0', java.version: '23.0.2'
Driver info: org.openqa.selenium.chrome.ChromeDriver
Capabilities {acceptInsecureCerts: false, browserName: chrome, browserVersion: 142.0.7444.135, chrome: {chromedriverVersion: 142.0.7444.61 (9884f628acbc..., userDataDir: C:\Users\USER\AppData\Local...}, fedcm:accounts: true, goog:chromeOptions: {debuggerAddress: localhost:61312}, goog:processID: 5236, networkConnectionEnabled: false, pageLoadStrategy: normal, platformName: windows, proxy: Proxy(), se:cdp: ws://localhost:61312/devtoo..., se:cdpVersion: 142.0.7444.135, setWindowRect: true, strictFileInteractability: false, timeouts: {implicit: 0, pageLoad: 300000, script: 30000}, unhandledPromptBehavior: dismiss and notify, webauthn:extension:credBlob: true, webauthn:extension:largeBlob: true, webauthn:extension:minPinLength: true, webauthn:extension:prf: true, webauthn:virtualAuthenticators: true}
Session ID: b68b021737e2266c5a464944a296fb61
at org.testng.Assert.fail(Assert.java:111)
at testCases.Tc_Brands.test_AddNewMultipleProductInSeries(Tc_Brands.java:165)
at java.base/jdk.internal.reflect.DirectMethodHandleAccessor.invoke(DirectMethodHandleAccessor.java:103)
at java.base/java.lang.reflect.Method.invoke(Method.java:580)
at org.testng.internal.invokers.MethodInvocationHelper.invokeMethod(MethodInvocationHelper.java:141)
at org.testng.internal.invokers.TestInvoker.invokeMethod(TestInvoker.java:686)
at org.testng.internal.invokers.TestInvoker.invokeTestMethod(TestInvoker.java:230)
at org.testng.internal.invokers.MethodRunner.runInSequence(MethodRunner.java:63)
at org.testng.internal.invokers.TestInvoker$MethodInvocationAgent.invoke(TestInvoker.java:992)
at org.testng.internal.invokers.TestInvoker.invokeTestMethods(TestInvoker.java:203)
at org.testng.internal.invokers.TestMethodWorker.invokeTestMethods(TestMethodWorker.java:154)
at org.testng.internal.invokers.TestMethodWorker.run(TestMethodWorker.java:134)
at java.base/java.util.ArrayList.forEach(ArrayList.java:1597)
at org.testng.TestRunner.privateRun(TestRunner.java:739)
at org.testng.TestRunner.run(TestRunner.java:614)
at org.testng.SuiteRunner.runTest(SuiteRunner.java:421)
at org.testng.SuiteRunner.runSequentially(SuiteRunner.java:413)
at org.testng.SuiteRunner.privateRun(SuiteRunner.java:373)
at org.testng.SuiteRunner.run(SuiteRunner.java:312)
at org.testng.SuiteRunnerWorker.runSuite(SuiteRunnerWorker.java:52)
at org.testng.SuiteRunnerWorker.run(SuiteRunnerWorker.java:95)
at org.testng.TestNG.runSuitesSequentially(TestNG.java:1274)
at org.testng.TestNG.runSuitesLocally(TestNG.java:1208)
at org.testng.TestNG.runSuites(TestNG.java:1112)
at org.testng.TestNG.run(TestNG.java:1079)
at org.testng.remote.AbstractRemoteTestNG.run(AbstractRemoteTestNG.java:115)
at org.testng.remote.RemoteTestNG.initAndRun(RemoteTestNG.java:293)
at org.testng.remote.RemoteTestNG.main(RemoteTestNG.java:91)
]]>
            </full-stacktrace>
          </exception> <!-- java.lang.AssertionError -->
          <reporter-output>
          </reporter-output>
        </test-method> <!-- test_AddNewMultipleProductInSeries -->
        <test-method is-config="true" signature="tearDown()[pri:0, instance:testCases.Tc_Brands@2de23121]" started-at="2025-11-08T01:28:07 IST" name="tearDown" finished-at="2025-11-08T01:28:23 IST" duration-ms="15425" status="PASS">
          <reporter-output>
          </reporter-output>
        </test-method> <!-- tearDown -->
      </class> <!-- testCases.Tc_Brands -->
    </test> <!-- Default test -->
  </suite> <!-- Default suite -->
</testng-results>
