<?xml version="1.0" encoding="UTF-8"?>
<testng-results ignored="0" total="1" passed="1" failed="0" skipped="0">
  <reporter-output>
  </reporter-output>
  <suite started-at="2025-08-11T18:18:12 IST" name="Default suite" finished-at="2025-08-11T18:18:27 IST" duration-ms="14903">
    <groups>
    </groups>
    <test started-at="2025-08-11T18:18:12 IST" name="Default test" finished-at="2025-08-11T18:18:27 IST" duration-ms="14903">
      <class name="testCases.Tc_Brands">
        <test-method is-config="true" signature="loadConfig()[pri:0, instance:testCases.Tc_Brands@43c1b556]" started-at="2025-08-11T18:18:12 IST" name="loadConfig" finished-at="2025-08-11T18:18:12 IST" duration-ms="28" status="PASS">
          <reporter-output>
          </reporter-output>
        </test-method> <!-- loadConfig -->
        <test-method is-config="true" signature="setup()[pri:0, instance:testCases.Tc_Brands@43c1b556]" started-at="2025-08-11T18:18:12 IST" name="setup" finished-at="2025-08-11T18:18:17 IST" duration-ms="5093" status="PASS">
          <reporter-output>
          </reporter-output>
        </test-method> <!-- setup -->
        <test-method signature="testAddNewBrand()[pri:0, instance:testCases.Tc_Brands@43c1b556]" started-at="2025-08-11T18:18:17 IST" name="testAddNewBrand" finished-at="2025-08-11T18:18:27 IST" duration-ms="9674" status="PASS">
          <reporter-output>
          </reporter-output>
        </test-method> <!-- testAddNewBrand -->
        <test-method is-config="true" signature="tearDown()[pri:0, instance:testCases.Tc_Brands@43c1b556]" started-at="2025-08-11T18:18:27 IST" name="tearDown" finished-at="2025-08-11T18:18:27 IST" duration-ms="1" status="PASS">
          <reporter-output>
          </reporter-output>
        </test-method> <!-- tearDown -->
      </class> <!-- testCases.Tc_Brands -->
    </test> <!-- Default test -->
  </suite> <!-- Default suite -->
</testng-results>
