<?xml version="1.0" encoding="UTF-8"?>
<testng-results ignored="0" total="1" passed="1" failed="0" skipped="0">
  <reporter-output>
  </reporter-output>
  <suite started-at="2026-02-03T17:43:55 IST" name="Default suite" finished-at="2026-02-03T17:46:18 IST" duration-ms="143111">
    <groups>
    </groups>
    <test started-at="2026-02-03T17:43:55 IST" name="Default test" finished-at="2026-02-03T17:46:18 IST" duration-ms="143111">
      <class name="testCases.Beat_Retailers_Order">
        <test-method is-config="true" signature="loadConfig()[pri:0, instance:testCases.Beat_Retailers_Order@742ff096]" started-at="2026-02-03T17:43:55 IST" name="loadConfig" finished-at="2026-02-03T17:43:55 IST" duration-ms="12" status="PASS">
          <reporter-output>
          </reporter-output>
        </test-method> <!-- loadConfig -->
        <test-method is-config="true" signature="setup()[pri:0, instance:testCases.Beat_Retailers_Order@742ff096]" started-at="2026-02-03T17:43:55 IST" name="setup" finished-at="2026-02-03T17:43:58 IST" duration-ms="2908" status="PASS">
          <reporter-output>
          </reporter-output>
        </test-method> <!-- setup -->
        <test-method signature="test_Retailer_Order_AddOn_ProductScheme()[pri:0, instance:testCases.Beat_Retailers_Order@742ff096]" started-at="2026-02-03T17:43:58 IST" name="test_Retailer_Order_AddOn_ProductScheme" finished-at="2026-02-03T17:46:03 IST" duration-ms="124907" status="PASS">
          <reporter-output>
          </reporter-output>
        </test-method> <!-- test_Retailer_Order_AddOn_ProductScheme -->
        <test-method is-config="true" signature="tearDown()[pri:0, instance:testCases.Beat_Retailers_Order@742ff096]" started-at="2026-02-03T17:46:03 IST" name="tearDown" finished-at="2026-02-03T17:46:18 IST" duration-ms="15250" status="PASS">
          <reporter-output>
          </reporter-output>
        </test-method> <!-- tearDown -->
      </class> <!-- testCases.Beat_Retailers_Order -->
    </test> <!-- Default test -->
  </suite> <!-- Default suite -->
</testng-results>
