<?xml version="1.0" encoding="UTF-8"?>
<testng-results ignored="0" total="1" passed="1" failed="0" skipped="0">
  <reporter-output>
  </reporter-output>
  <suite started-at="2025-10-04T01:47:54 IST" name="Default suite" finished-at="2025-10-04T01:48:32 IST" duration-ms="37668">
    <groups>
    </groups>
    <test started-at="2025-10-04T01:47:54 IST" name="Default test" finished-at="2025-10-04T01:48:32 IST" duration-ms="37668">
      <class name="testCases.Brand_RateTest">
        <test-method is-config="true" signature="loadConfig()[pri:0, instance:testCases.Brand_RateTest@4009e306]" started-at="2025-10-04T01:47:54 IST" name="loadConfig" finished-at="2025-10-04T01:47:55 IST" duration-ms="18" status="PASS">
          <reporter-output>
          </reporter-output>
        </test-method> <!-- loadConfig -->
        <test-method is-config="true" signature="setup()[pri:0, instance:testCases.Brand_RateTest@4009e306]" started-at="2025-10-04T01:47:55 IST" name="setup" finished-at="2025-10-04T01:47:59 IST" duration-ms="4374" status="PASS">
          <reporter-output>
          </reporter-output>
        </test-method> <!-- setup -->
        <test-method signature="testAddNewChannelPartner()[pri:0, instance:testCases.Brand_RateTest@4009e306]" started-at="2025-10-04T01:47:59 IST" name="testAddNewChannelPartner" finished-at="2025-10-04T01:48:17 IST" duration-ms="17893" status="PASS">
          <reporter-output>
          </reporter-output>
        </test-method> <!-- testAddNewChannelPartner -->
        <test-method is-config="true" signature="tearDown()[pri:0, instance:testCases.Brand_RateTest@4009e306]" started-at="2025-10-04T01:48:17 IST" name="tearDown" finished-at="2025-10-04T01:48:32 IST" duration-ms="15315" status="PASS">
          <reporter-output>
          </reporter-output>
        </test-method> <!-- tearDown -->
      </class> <!-- testCases.Brand_RateTest -->
    </test> <!-- Default test -->
  </suite> <!-- Default suite -->
</testng-results>
