<?xml version="1.0" encoding="UTF-8"?>
<testng-results ignored="0" total="1" passed="0" failed="1" skipped="0">
  <reporter-output>
  </reporter-output>
  <suite started-at="2025-10-03T17:37:05 IST" name="Default suite" finished-at="2025-10-03T17:37:35 IST" duration-ms="29699">
    <groups>
    </groups>
    <test started-at="2025-10-03T17:37:05 IST" name="Default test" finished-at="2025-10-03T17:37:35 IST" duration-ms="29699">
      <class name="testCases.Tc_Brands">
        <test-method is-config="true" signature="loadConfig()[pri:0, instance:testCases.Tc_Brands@3a7442c7]" started-at="2025-10-03T17:37:05 IST" name="loadConfig" finished-at="2025-10-03T17:37:05 IST" duration-ms="12" status="PASS">
          <reporter-output>
          </reporter-output>
        </test-method> <!-- loadConfig -->
        <test-method is-config="true" signature="setup()[pri:0, instance:testCases.Tc_Brands@3a7442c7]" started-at="2025-10-03T17:37:05 IST" name="setup" finished-at="2025-10-03T17:37:07 IST" duration-ms="2198" status="PASS">
          <reporter-output>
          </reporter-output>
        </test-method> <!-- setup -->
        <test-method signature="testSearchBrand_AddNewProduct_VerifyProductSuccessfully()[pri:0, instance:testCases.Tc_Brands@3a7442c7]" started-at="2025-10-03T17:37:07 IST" name="testSearchBrand_AddNewProduct_VerifyProductSuccessfully" finished-at="2025-10-03T17:37:20 IST" duration-ms="12208" status="FAIL">
          <exception class="java.lang.AssertionError">
            <message>
              <![CDATA[Exception in testSearchBrandAndClickProduct: Expected condition failed: waiting for visibility of all [[[ChromeDriver: chrome on windows (9dc06ded0b19a9c2d2a1936e3648dd99)] -> xpath: //div[@class='ant-select-dropdown ant-select-dropdown-placement-bottomLeft ']//div[@title]], [[ChromeDriver: chrome on windows (9dc06ded0b19a9c2d2a1936e3648dd99)] -> xpath: //div[@class='ant-select-dropdown ant-select-dropdown-placement-bottomLeft ']//div[@title]], [[ChromeDriver: chrome on windows (9dc06ded0b19a9c2d2a1936e3648dd99)] -> xpath: //div[@class='ant-select-dropdown ant-select-dropdown-placement-bottomLeft ']//div[@title]], [[ChromeDriver: chrome on windows (9dc06ded0b19a9c2d2a1936e3648dd99)] -> xpath: //div[@class='ant-select-dropdown ant-select-dropdown-placement-bottomLeft ']//div[@title]], [[ChromeDriver: chrome on windows (9dc06ded0b19a9c2d2a1936e3648dd99)] -> xpath: //div[@class='ant-select-dropdown ant-select-dropdown-placement-bottomLeft ']//div[@title]], [[ChromeDriver: chrome on windows (9dc06ded0b19a9c2d2a1936e3648dd99)] -> xpath: //div[@class='ant-select-dropdown ant-select-dropdown-placement-bottomLeft ']//div[@title]], [[ChromeDriver: chrome on windows (9dc06ded0b19a9c2d2a1936e3648dd99)] -> xpath: //div[@class='ant-select-dropdown ant-select-dropdown-placement-bottomLeft ']//div[@title]], [[ChromeDriver: chrome on windows (9dc06ded0b19a9c2d2a1936e3648dd99)] -> xpath: //div[@class='ant-select-dropdown ant-select-dropdown-placement-bottomLeft ']//div[@title]]] (tried for 5 second(s) with 500 milliseconds interval)
Build info: version: '4.28.0', revision: 'ac342546e9'
System info: os.name: 'Windows 11', os.arch: 'amd64', os.version: '10.0', java.version: '17.0.6'
Driver info: org.openqa.selenium.chrome.ChromeDriver
Capabilities {acceptInsecureCerts: false, browserName: chrome, browserVersion: 141.0.7390.55, chrome: {chromedriverVersion: 141.0.7390.54 (b95610d5c4a5..., userDataDir: C:\Users\91908\AppData\Loca...}, fedcm:accounts: true, goog:chromeOptions: {debuggerAddress: localhost:63832}, networkConnectionEnabled: false, pageLoadStrategy: normal, platformName: windows, proxy: Proxy(), se:cdp: ws://localhost:63832/devtoo..., se:cdpVersion: 141.0.7390.55, setWindowRect: true, strictFileInteractability: false, timeouts: {implicit: 0, pageLoad: 300000, script: 30000}, unhandledPromptBehavior: dismiss and notify, webauthn:extension:credBlob: true, webauthn:extension:largeBlob: true, webauthn:extension:minPinLength: true, webauthn:extension:prf: true, webauthn:virtualAuthenticators: true}
Session ID: 9dc06ded0b19a9c2d2a1936e3648dd99]]>
            </message>
            <full-stacktrace>
              <![CDATA[java.lang.AssertionError: Exception in testSearchBrandAndClickProduct: Expected condition failed: waiting for visibility of all [[[ChromeDriver: chrome on windows (9dc06ded0b19a9c2d2a1936e3648dd99)] -> xpath: //div[@class='ant-select-dropdown ant-select-dropdown-placement-bottomLeft ']//div[@title]], [[ChromeDriver: chrome on windows (9dc06ded0b19a9c2d2a1936e3648dd99)] -> xpath: //div[@class='ant-select-dropdown ant-select-dropdown-placement-bottomLeft ']//div[@title]], [[ChromeDriver: chrome on windows (9dc06ded0b19a9c2d2a1936e3648dd99)] -> xpath: //div[@class='ant-select-dropdown ant-select-dropdown-placement-bottomLeft ']//div[@title]], [[ChromeDriver: chrome on windows (9dc06ded0b19a9c2d2a1936e3648dd99)] -> xpath: //div[@class='ant-select-dropdown ant-select-dropdown-placement-bottomLeft ']//div[@title]], [[ChromeDriver: chrome on windows (9dc06ded0b19a9c2d2a1936e3648dd99)] -> xpath: //div[@class='ant-select-dropdown ant-select-dropdown-placement-bottomLeft ']//div[@title]], [[ChromeDriver: chrome on windows (9dc06ded0b19a9c2d2a1936e3648dd99)] -> xpath: //div[@class='ant-select-dropdown ant-select-dropdown-placement-bottomLeft ']//div[@title]], [[ChromeDriver: chrome on windows (9dc06ded0b19a9c2d2a1936e3648dd99)] -> xpath: //div[@class='ant-select-dropdown ant-select-dropdown-placement-bottomLeft ']//div[@title]], [[ChromeDriver: chrome on windows (9dc06ded0b19a9c2d2a1936e3648dd99)] -> xpath: //div[@class='ant-select-dropdown ant-select-dropdown-placement-bottomLeft ']//div[@title]]] (tried for 5 second(s) with 500 milliseconds interval)
Build info: version: '4.28.0', revision: 'ac342546e9'
System info: os.name: 'Windows 11', os.arch: 'amd64', os.version: '10.0', java.version: '17.0.6'
Driver info: org.openqa.selenium.chrome.ChromeDriver
Capabilities {acceptInsecureCerts: false, browserName: chrome, browserVersion: 141.0.7390.55, chrome: {chromedriverVersion: 141.0.7390.54 (b95610d5c4a5..., userDataDir: C:\Users\91908\AppData\Loca...}, fedcm:accounts: true, goog:chromeOptions: {debuggerAddress: localhost:63832}, networkConnectionEnabled: false, pageLoadStrategy: normal, platformName: windows, proxy: Proxy(), se:cdp: ws://localhost:63832/devtoo..., se:cdpVersion: 141.0.7390.55, setWindowRect: true, strictFileInteractability: false, timeouts: {implicit: 0, pageLoad: 300000, script: 30000}, unhandledPromptBehavior: dismiss and notify, webauthn:extension:credBlob: true, webauthn:extension:largeBlob: true, webauthn:extension:minPinLength: true, webauthn:extension:prf: true, webauthn:virtualAuthenticators: true}
Session ID: 9dc06ded0b19a9c2d2a1936e3648dd99
at org.testng.Assert.fail(Assert.java:111)
at testCases.Tc_Brands.testSearchBrand_AddNewProduct_VerifyProductSuccessfully(Tc_Brands.java:98)
at java.base/jdk.internal.reflect.NativeMethodAccessorImpl.invoke0(Native Method)
at java.base/jdk.internal.reflect.NativeMethodAccessorImpl.invoke(NativeMethodAccessorImpl.java:77)
at java.base/jdk.internal.reflect.DelegatingMethodAccessorImpl.invoke(DelegatingMethodAccessorImpl.java:43)
at java.base/java.lang.reflect.Method.invoke(Method.java:568)
at org.testng.internal.invokers.MethodInvocationHelper.invokeMethod(MethodInvocationHelper.java:141)
at org.testng.internal.invokers.TestInvoker.invokeMethod(TestInvoker.java:686)
at org.testng.internal.invokers.TestInvoker.invokeTestMethod(TestInvoker.java:230)
at org.testng.internal.invokers.MethodRunner.runInSequence(MethodRunner.java:63)
at org.testng.internal.invokers.TestInvoker$MethodInvocationAgent.invoke(TestInvoker.java:992)
at org.testng.internal.invokers.TestInvoker.invokeTestMethods(TestInvoker.java:203)
at org.testng.internal.invokers.TestMethodWorker.invokeTestMethods(TestMethodWorker.java:154)
at org.testng.internal.invokers.TestMethodWorker.run(TestMethodWorker.java:134)
at java.base/java.util.ArrayList.forEach(ArrayList.java:1511)
at org.testng.TestRunner.privateRun(TestRunner.java:739)
at org.testng.TestRunner.run(TestRunner.java:614)
at org.testng.SuiteRunner.runTest(SuiteRunner.java:421)
at org.testng.SuiteRunner.runSequentially(SuiteRunner.java:413)
at org.testng.SuiteRunner.privateRun(SuiteRunner.java:373)
at org.testng.SuiteRunner.run(SuiteRunner.java:312)
at org.testng.SuiteRunnerWorker.runSuite(SuiteRunnerWorker.java:52)
at org.testng.SuiteRunnerWorker.run(SuiteRunnerWorker.java:95)
at org.testng.TestNG.runSuitesSequentially(TestNG.java:1274)
at org.testng.TestNG.runSuitesLocally(TestNG.java:1208)
at org.testng.TestNG.runSuites(TestNG.java:1112)
at org.testng.TestNG.run(TestNG.java:1079)
at org.testng.remote.AbstractRemoteTestNG.run(AbstractRemoteTestNG.java:115)
at org.testng.remote.RemoteTestNG.initAndRun(RemoteTestNG.java:293)
at org.testng.remote.RemoteTestNG.main(RemoteTestNG.java:91)
]]>
            </full-stacktrace>
          </exception> <!-- java.lang.AssertionError -->
          <reporter-output>
          </reporter-output>
        </test-method> <!-- testSearchBrand_AddNewProduct_VerifyProductSuccessfully -->
        <test-method is-config="true" signature="tearDown()[pri:0, instance:testCases.Tc_Brands@3a7442c7]" started-at="2025-10-03T17:37:20 IST" name="tearDown" finished-at="2025-10-03T17:37:35 IST" duration-ms="15241" status="PASS">
          <reporter-output>
          </reporter-output>
        </test-method> <!-- tearDown -->
      </class> <!-- testCases.Tc_Brands -->
    </test> <!-- Default test -->
  </suite> <!-- Default suite -->
</testng-results>
