<?xml version="1.0" encoding="UTF-8"?>
<testng-results ignored="0" total="1" passed="1" failed="0" skipped="0">
  <reporter-output>
  </reporter-output>
  <suite started-at="2025-12-12T16:24:59 IST" name="Default suite" finished-at="2025-12-12T16:26:17 IST" duration-ms="78324">
    <groups>
    </groups>
    <test started-at="2025-12-12T16:24:59 IST" name="Default test" finished-at="2025-12-12T16:26:17 IST" duration-ms="78324">
      <class name="testCases.Brand_RateTest">
        <test-method is-config="true" signature="loadConfig()[pri:0, instance:testCases.Brand_RateTest@22fcf7ab]" started-at="2025-12-12T16:24:59 IST" name="loadConfig" finished-at="2025-12-12T16:24:59 IST" duration-ms="22" status="PASS">
          <reporter-output>
          </reporter-output>
        </test-method> <!-- loadConfig -->
        <test-method is-config="true" signature="setup()[pri:0, instance:testCases.Brand_RateTest@22fcf7ab]" started-at="2025-12-12T16:24:59 IST" name="setup" finished-at="2025-12-12T16:25:02 IST" duration-ms="3381" status="PASS">
          <reporter-output>
          </reporter-output>
        </test-method> <!-- setup -->
        <test-method signature="verifyRateStructureDetails()[pri:0, instance:testCases.Brand_RateTest@22fcf7ab]" started-at="2025-12-12T16:25:02 IST" name="verifyRateStructureDetails" finished-at="2025-12-12T16:26:02 IST" duration-ms="59535" status="PASS">
          <reporter-output>
          </reporter-output>
        </test-method> <!-- verifyRateStructureDetails -->
        <test-method is-config="true" signature="tearDown()[pri:0, instance:testCases.Brand_RateTest@22fcf7ab]" started-at="2025-12-12T16:26:02 IST" name="tearDown" finished-at="2025-12-12T16:26:17 IST" duration-ms="15317" status="PASS">
          <reporter-output>
          </reporter-output>
        </test-method> <!-- tearDown -->
      </class> <!-- testCases.Brand_RateTest -->
    </test> <!-- Default test -->
  </suite> <!-- Default suite -->
</testng-results>
