<?xml version="1.0" encoding="UTF-8"?>
<testng-results ignored="0" total="1" passed="1" failed="0" skipped="0">
  <reporter-output>
  </reporter-output>
  <suite started-at="2025-08-05T11:49:04 IST" name="Default suite" finished-at="2025-08-05T11:49:13 IST" duration-ms="9622">
    <groups>
    </groups>
    <test started-at="2025-08-05T11:49:04 IST" name="Default test" finished-at="2025-08-05T11:49:13 IST" duration-ms="9622">
      <class name="testCases.BrandsNetworkTest">
        <test-method is-config="true" signature="loadConfig()[pri:0, instance:testCases.BrandsNetworkTest@7dc0f706]" started-at="2025-08-05T11:49:04 IST" name="loadConfig" finished-at="2025-08-05T11:49:04 IST" duration-ms="19" status="PASS">
          <reporter-output>
          </reporter-output>
        </test-method> <!-- loadConfig -->
        <test-method is-config="true" signature="setup()[pri:0, instance:testCases.BrandsNetworkTest@7dc0f706]" started-at="2025-08-05T11:49:04 IST" name="setup" finished-at="2025-08-05T11:49:08 IST" duration-ms="3900" status="PASS">
          <reporter-output>
          </reporter-output>
        </test-method> <!-- setup -->
        <test-method signature="TC_AddNewBrandAndVerifyNetworkPaheEmptyMessage()[pri:0, instance:testCases.BrandsNetworkTest@7dc0f706]" started-at="2025-08-05T11:49:08 IST" name="TC_AddNewBrandAndVerifyNetworkPaheEmptyMessage" finished-at="2025-08-05T11:49:13 IST" duration-ms="5623" status="PASS">
          <reporter-output>
          </reporter-output>
        </test-method> <!-- TC_AddNewBrandAndVerifyNetworkPaheEmptyMessage -->
        <test-method is-config="true" signature="tearDown()[pri:0, instance:testCases.BrandsNetworkTest@7dc0f706]" started-at="2025-08-05T11:49:13 IST" name="tearDown" finished-at="2025-08-05T11:49:13 IST" duration-ms="1" status="PASS">
          <reporter-output>
          </reporter-output>
        </test-method> <!-- tearDown -->
      </class> <!-- testCases.BrandsNetworkTest -->
    </test> <!-- Default test -->
  </suite> <!-- Default suite -->
</testng-results>
