<?xml version="1.0" encoding="UTF-8"?>
<testng-results ignored="0" total="1" passed="1" failed="0" skipped="0">
  <reporter-output>
  </reporter-output>
  <suite started-at="2025-09-16T12:40:04 IST" name="Default suite" finished-at="2025-09-16T12:40:39 IST" duration-ms="34916">
    <groups>
    </groups>
    <test started-at="2025-09-16T12:40:04 IST" name="Default test" finished-at="2025-09-16T12:40:39 IST" duration-ms="34916">
      <class name="testCases.BrandsNetworkTest">
        <test-method is-config="true" signature="loadConfig()[pri:0, instance:testCases.BrandsNetworkTest@587e5365]" started-at="2025-09-16T12:40:04 IST" name="loadConfig" finished-at="2025-09-16T12:40:04 IST" duration-ms="38" status="PASS">
          <reporter-output>
          </reporter-output>
        </test-method> <!-- loadConfig -->
        <test-method is-config="true" signature="setup()[pri:0, instance:testCases.BrandsNetworkTest@587e5365]" started-at="2025-09-16T12:40:04 IST" name="setup" finished-at="2025-09-16T12:40:10 IST" duration-ms="5100" status="PASS">
          <reporter-output>
          </reporter-output>
        </test-method> <!-- setup -->
        <test-method signature="testVerifyAssignChannelPartnerDetails()[pri:0, instance:testCases.BrandsNetworkTest@587e5365]" started-at="2025-09-16T12:40:10 IST" name="testVerifyAssignChannelPartnerDetails" finished-at="2025-09-16T12:40:24 IST" duration-ms="14197" status="PASS">
          <reporter-output>
          </reporter-output>
        </test-method> <!-- testVerifyAssignChannelPartnerDetails -->
        <test-method is-config="true" signature="tearDown()[pri:0, instance:testCases.BrandsNetworkTest@587e5365]" started-at="2025-09-16T12:40:24 IST" name="tearDown" finished-at="2025-09-16T12:40:39 IST" duration-ms="15490" status="PASS">
          <reporter-output>
          </reporter-output>
        </test-method> <!-- tearDown -->
      </class> <!-- testCases.BrandsNetworkTest -->
    </test> <!-- Default test -->
  </suite> <!-- Default suite -->
</testng-results>
