<?xml version="1.0" encoding="UTF-8"?>
<testng-results ignored="0" total="1" passed="1" failed="0" skipped="0">
  <reporter-output>
  </reporter-output>
  <suite started-at="2025-11-11T23:34:46 IST" name="Default suite" finished-at="2025-11-11T23:35:42 IST" duration-ms="56184">
    <groups>
    </groups>
    <test started-at="2025-11-11T23:34:46 IST" name="Default test" finished-at="2025-11-11T23:35:42 IST" duration-ms="56184">
      <class name="testCases.Tc_User">
        <test-method is-config="true" signature="loadConfig()[pri:0, instance:testCases.Tc_User@43c1b556]" started-at="2025-11-11T23:34:46 IST" name="loadConfig" finished-at="2025-11-11T23:34:46 IST" duration-ms="18" status="PASS">
          <reporter-output>
          </reporter-output>
        </test-method> <!-- loadConfig -->
        <test-method is-config="true" signature="setup()[pri:0, instance:testCases.Tc_User@43c1b556]" started-at="2025-11-11T23:34:46 IST" name="setup" finished-at="2025-11-11T23:34:54 IST" duration-ms="7415" status="PASS">
          <reporter-output>
          </reporter-output>
        </test-method> <!-- setup -->
        <test-method signature="test_AddMultiple_SalesPerson()[pri:0, instance:testCases.Tc_User@43c1b556]" started-at="2025-11-11T23:34:54 IST" name="test_AddMultiple_SalesPerson" finished-at="2025-11-11T23:35:27 IST" duration-ms="33656" status="PASS">
          <reporter-output>
          </reporter-output>
        </test-method> <!-- test_AddMultiple_SalesPerson -->
        <test-method is-config="true" signature="tearDown()[pri:0, instance:testCases.Tc_User@43c1b556]" started-at="2025-11-11T23:35:27 IST" name="tearDown" finished-at="2025-11-11T23:35:42 IST" duration-ms="15027" status="PASS">
          <reporter-output>
          </reporter-output>
        </test-method> <!-- tearDown -->
      </class> <!-- testCases.Tc_User -->
    </test> <!-- Default test -->
  </suite> <!-- Default suite -->
</testng-results>
