<?xml version="1.0" encoding="UTF-8"?>
<testng-results ignored="0" total="1" passed="1" failed="0" skipped="0">
  <reporter-output>
  </reporter-output>
  <suite started-at="2025-11-13T01:51:10 IST" name="Default suite" finished-at="2025-11-13T01:51:36 IST" duration-ms="26280">
    <groups>
    </groups>
    <test started-at="2025-11-13T01:51:10 IST" name="Default test" finished-at="2025-11-13T01:51:36 IST" duration-ms="26280">
      <class name="testCases.Tc_User">
        <test-method is-config="true" signature="loadConfig()[pri:0, instance:testCases.Tc_User@6913c1fb]" started-at="2025-11-13T01:51:10 IST" name="loadConfig" finished-at="2025-11-13T01:51:10 IST" duration-ms="26" status="PASS">
          <reporter-output>
          </reporter-output>
        </test-method> <!-- loadConfig -->
        <test-method is-config="true" signature="setup()[pri:0, instance:testCases.Tc_User@6913c1fb]" started-at="2025-11-13T01:51:10 IST" name="setup" finished-at="2025-11-13T01:51:15 IST" duration-ms="4406" status="PASS">
          <reporter-output>
          </reporter-output>
        </test-method> <!-- setup -->
        <test-method signature="testAddRopsUser_Runner()[pri:0, instance:testCases.Tc_User@6913c1fb]" started-at="2025-11-13T01:51:15 IST" name="testAddRopsUser_Runner" finished-at="2025-11-13T01:51:21 IST" duration-ms="6259" status="PASS">
          <reporter-output>
          </reporter-output>
        </test-method> <!-- testAddRopsUser_Runner -->
        <test-method is-config="true" signature="tearDown()[pri:0, instance:testCases.Tc_User@6913c1fb]" started-at="2025-11-13T01:51:21 IST" name="tearDown" finished-at="2025-11-13T01:51:36 IST" duration-ms="15458" status="PASS">
          <reporter-output>
          </reporter-output>
        </test-method> <!-- tearDown -->
      </class> <!-- testCases.Tc_User -->
    </test> <!-- Default test -->
  </suite> <!-- Default suite -->
</testng-results>
